#
# A fatal error has been detected by the Java Runtime Environment:
#
#  EXCEPTION_ACCESS_VIOLATION (0xc0000005) at pc=0x0000020dc8f7dbbb, pid=12112, tid=14072
#
# JRE version: Java(TM) SE Runtime Environment 18.9 (11.0.7+8) (build 11.0.7+8-LTS)
# Java VM: Java HotSpot(TM) 64-Bit Server VM 18.9 (11.0.7+8-LTS, mixed mode, tiered, compressed oops, g1 gc, windows-amd64)
# Problematic frame:
# j  jdk.internal.org.objectweb.asm.MethodVisitor.visitCode()V+1066886456 java.base@11.0.7
#
# No core dump will be written. Minidumps are not enabled by default on client versions of Windows
#
# If you would like to submit a bug report, please visit:
#   https://bugreport.java.com/bugreport/crash.jsp
#

---------------  S U M M A R Y ------------

Command Line: -XX:TieredStopAtLevel=1 -Xverify:none -Dspring.output.ansi.enabled=always -Dcom.sun.management.jmxremote -Dspring.jmx.enabled=true -Dspring.liveBeansView.mbeanDomain -Dspring.application.admin.enabled=true -javaagent:C:\Program Files\JetBrains\IntelliJ IDEA 2020.1.1\lib\idea_rt.jar=65169:C:\Program Files\JetBrains\IntelliJ IDEA 2020.1.1\bin -Dfile.encoding=UTF-8 com.handel.geo.MainApplication

Host: AMD Ryzen 5 2600 Six-Core Processor            , 12 cores, 7G,  Windows 10 , 64 bit Build 18362 (10.0.18362.959)
Time: Wed Sep  2 22:20:58 2020 ?rodkowoeuropejski czas letni elapsed time: 2 seconds (0d 0h 0m 2s)

---------------  T H R E A D  ---------------

Current thread (0x0000020dc0b94800):  JavaThread "main" [_thread_in_Java, id=14072, stack(0x000000301f900000,0x000000301fa00000)]

Stack: [0x000000301f900000,0x000000301fa00000],  sp=0x000000301f9fd410,  free space=1013k
Native frames: (J=compiled Java code, j=interpreted, Vv=VM code, C=native code)
C  0x0000020dc8f7dbbb


siginfo: EXCEPTION_ACCESS_VIOLATION (0xc0000005), reading address 0xffffffffffffffff


Register to memory mapping:

RIP=0x0000020dc8f7dbbb is at code_begin+123 in an Interpreter codelet
method entry point (kind = zerolocals)  [0x0000020dc8f7db40, 0x0000020dc8f7e040]  1280 bytes
RAX=0x0000020dc8f79e03 is at code_begin+2307 in an Interpreter codelet
invoke return entry points  [0x0000020dc8f79500, 0x0000020dc8f79ee0]  2528 bytes
RBX={method} {0x0000020de0086f30} 'visitCode' '()V' in 'jdk/internal/org/objectweb/asm/MethodVisitor'
RCX=0x0000000000000001 is an unknown value
RDX=0x0800020de0664f38 is an unknown value
RSP=0x000000301f9fd410 is pointing into the stack for thread: 0x0000020dc0b94800
RBP=0x000000301f9fd428 is pointing into the stack for thread: 0x0000020dc0b94800
RSI=0x0 is NULL
RDI=0x0000000000000854 is an unknown value
R8 =0x0000000000050000 is an unknown value
R9 =0x00000000854f20c0 is an oop: jdk.internal.org.objectweb.asm.MethodWriter 
{0x00000000854f20c0} - klass: 'jdk/internal/org/objectweb/asm/MethodWriter'
R10=0x00007ff87015ac60 jvm.dll
R11=0x0000020dc97b1760 is at entry_point+32 in (nmethod*)0x0000020dc97b1590
R12=0x0 is NULL
R13=0x0000020de0086f00 is pointing into metadata
R14=0x000000301f9fd438 is pointing into the stack for thread: 0x0000020dc0b94800
R15=0x0000020dc0b94800 is a thread


Registers:
RAX=0x0000020dc8f79e03, RBX=0x0000020de0086f28, RCX=0x0000000000000001, RDX=0x0800020de0664f38
RSP=0x000000301f9fd410, RBP=0x000000301f9fd428, RSI=0x0000000000000000, RDI=0x0000000000000854
R8 =0x0000000000050000, R9 =0x00000000854f20c0, R10=0x00007ff87015ac60, R11=0x0000020dc97b1760
R12=0x0000000000000000, R13=0x0000020de0086f00, R14=0x000000301f9fd438, R15=0x0000020dc0b94800
RIP=0x0000020dc8f7dbbb, EFLAGS=0x0000000000010246

Top of Stack: (sp=0x000000301f9fd410)
0x000000301f9fd410:   0000020de0086f28 0000000000000000
0x000000301f9fd420:   000000301f9fd438 000000301f9fd488
0x000000301f9fd430:   0000020dc8f79e03 00000000854f2390
0x000000301f9fd440:   000000301f9fd440 0000020de0092b39
0x000000301f9fd450:   000000301f9fd4b0 0000020de0095670
0x000000301f9fd460:   0000000000000000 0000000081000100
0x000000301f9fd470:   0000020de0092c48 000000301f9fd438
0x000000301f9fd480:   000000301f9fd4a8 000000301f9fd500
0x000000301f9fd490:   0000020dc8f79e03 0000000000000000
0x000000301f9fd4a0:   0000000000000000 00000000854f0030
0x000000301f9fd4b0:   00000000854f2390 000000301f9fd4b8
0x000000301f9fd4c0:   0000020de0066ee6 000000301f9fd550
0x000000301f9fd4d0:   0000020de0069ab8 0000000000000000
0x000000301f9fd4e0:   0000000081001438 0000020de0067080
0x000000301f9fd4f0:   000000301f9fd4a8 000000301f9fd550
0x000000301f9fd500:   000000301f9fd5a0 0000020dc8f79b80 

Instructions: (pc=0x0000020dc8f7dbbb)
0x0000020dc8f7db9b:   41 55 68 00 00 00 00 4c 8b 6b 08 4d 8d 6d 38 53
0x0000020dc8f7dbab:   48 8b 53 08 48 8b 52 08 48 8b 52 18 48 8b 52 70
0x0000020dc8f7dbbb:   48 8b 12 52 48 8b 53 10 48 85 d2 0f 84 07 00 00
0x0000020dc8f7dbcb:   00 48 81 c2 40 01 00 00 52 48 8b 53 08 48 8b 52 


Stack slot to memory mapping:
stack at sp + 0 slots: {method} {0x0000020de0086f30} 'visitCode' '()V' in 'jdk/internal/org/objectweb/asm/MethodVisitor'
stack at sp + 1 slots: 0x0 is NULL
stack at sp + 2 slots: 0x000000301f9fd438 is pointing into the stack for thread: 0x0000020dc0b94800
stack at sp + 3 slots: 0x000000301f9fd488 is pointing into the stack for thread: 0x0000020dc0b94800
stack at sp + 4 slots: 0x0000020dc8f79e03 is at code_begin+2307 in an Interpreter codelet
invoke return entry points  [0x0000020dc8f79500, 0x0000020dc8f79ee0]  2528 bytes
stack at sp + 5 slots: 0x00000000854f2390 is an oop: java.lang.invoke.InnerClassLambdaMetafactory$ForwardingMethodGenerator 
{0x00000000854f2390} - klass: 'java/lang/invoke/InnerClassLambdaMetafactory$ForwardingMethodGenerator'
stack at sp + 6 slots: 0x000000301f9fd440 is pointing into the stack for thread: 0x0000020dc0b94800
stack at sp + 7 slots: 0x0000020de0092b39 is pointing into metadata

method entry point (kind = zerolocals)  [0x0000020dc8f7db40, 0x0000020dc8f7e040]  1280 bytes

---------------  P R O C E S S  ---------------

Threads class SMR info:
_java_thread_list=0x0000020de25887d0, length=13, elements={
0x0000020dc0b94800, 0x0000020ddfce7800, 0x0000020ddfcf4000, 0x0000020de057b800,
0x0000020de057d000, 0x0000020de0580000, 0x0000020de0584800, 0x0000020ddfc9d800,
0x0000020de0b76800, 0x0000020de0b77000, 0x0000020de0d65800, 0x0000020de11f5800,
0x0000020de1d00800
}

Java Threads: ( => current thread )
=>0x0000020dc0b94800 JavaThread "main" [_thread_in_Java, id=14072, stack(0x000000301f900000,0x000000301fa00000)]
  0x0000020ddfce7800 JavaThread "Reference Handler" daemon [_thread_blocked, id=14004, stack(0x0000003020000000,0x0000003020100000)]
  0x0000020ddfcf4000 JavaThread "Finalizer" daemon [_thread_blocked, id=8672, stack(0x0000003020100000,0x0000003020200000)]
  0x0000020de057b800 JavaThread "Signal Dispatcher" daemon [_thread_blocked, id=8736, stack(0x0000003020200000,0x0000003020300000)]
  0x0000020de057d000 JavaThread "Attach Listener" daemon [_thread_blocked, id=1972, stack(0x0000003020300000,0x0000003020400000)]
  0x0000020de0580000 JavaThread "C1 CompilerThread0" daemon [_thread_blocked, id=13244, stack(0x0000003020400000,0x0000003020500000)]
  0x0000020de0584800 JavaThread "Sweeper thread" daemon [_thread_blocked, id=13472, stack(0x0000003020500000,0x0000003020600000)]
  0x0000020ddfc9d800 JavaThread "Common-Cleaner" daemon [_thread_blocked, id=11768, stack(0x0000003020600000,0x0000003020700000)]
  0x0000020de0b76800 JavaThread "Monitor Ctrl-Break" daemon [_thread_in_native, id=12760, stack(0x0000003020700000,0x0000003020800000)]
  0x0000020de0b77000 JavaThread "Service Thread" daemon [_thread_blocked, id=10116, stack(0x0000003020800000,0x0000003020900000)]
  0x0000020de0d65800 JavaThread "RMI TCP Accept-0" daemon [_thread_in_native, id=5816, stack(0x0000003020900000,0x0000003020a00000)]
  0x0000020de11f5800 JavaThread "RMI TCP Connection(1)-192.168.1.2" daemon [_thread_in_native, id=11376, stack(0x0000003020c00000,0x0000003020d00000)]
  0x0000020de1d00800 JavaThread "RMI Scheduler(0)" daemon [_thread_blocked, id=13264, stack(0x0000003021000000,0x0000003021100000)]

Other Threads:
  0x0000020ddfcdf800 VMThread "VM Thread" [stack: 0x000000301ff00000,0x0000003020000000] [id=12720]
  0x0000020de0d71000 WatcherThread [stack: 0x0000003020a00000,0x0000003020b00000] [id=8840]
  0x0000020dc0baa000 GCTaskThread "GC Thread#0" [stack: 0x000000301fa00000,0x000000301fb00000] [id=13972]
  0x0000020de11f0000 GCTaskThread "GC Thread#1" [stack: 0x0000003020d00000,0x0000003020e00000] [id=3964]
  0x0000020de120e000 GCTaskThread "GC Thread#2" [stack: 0x0000003020e00000,0x0000003020f00000] [id=7840]
  0x0000020de116c000 GCTaskThread "GC Thread#3" [stack: 0x0000003020f00000,0x0000003021000000] [id=6324]
  0x0000020dc0bdb800 ConcurrentGCThread "G1 Main Marker" [stack: 0x000000301fb00000,0x000000301fc00000] [id=456]
  0x0000020dc0bdd000 ConcurrentGCThread "G1 Conc#0" [stack: 0x000000301fc00000,0x000000301fd00000] [id=3956]
  0x0000020de1ea7800 ConcurrentGCThread "G1 Conc#1" [stack: 0x0000003021100000,0x0000003021200000] [id=1180]
  0x0000020de1207800 ConcurrentGCThread "G1 Conc#2" [stack: 0x0000003021200000,0x0000003021300000] [id=3436]
  0x0000020ddfb4b800 ConcurrentGCThread "G1 Refine#0" [stack: 0x000000301fd00000,0x000000301fe00000] [id=8856]
  0x0000020ddfb4c800 ConcurrentGCThread "G1 Young RemSet Sampling" [stack: 0x000000301fe00000,0x000000301ff00000] [id=9904]

Threads with active compile tasks:

VM state:not at safepoint (normal execution)

VM Mutex/Monitor currently owned by a thread: None

Heap address: 0x0000000080c00000, size: 2036 MB, Compressed Oops mode: 32-bit
Narrow klass base: 0x0000000000000000, Narrow klass shift: 3
Compressed class space size: 1073741824 Address: 0x0000000100000000

Heap:
 garbage-first heap   total 131072K, used 63201K [0x0000000080c00000, 0x0000000100000000)
  region size 1024K, 56 young (57344K), 4 survivors (4096K)
 Metaspace       used 29558K, capacity 30508K, committed 30720K, reserved 1075200K
  class space    used 3645K, capacity 4018K, committed 4096K, reserved 1048576K
Heap Regions: E=young(eden), S=young(survivor), O=old, HS=humongous(starts), HC=humongous(continues), CS=collection set, F=free, A=archive, TAMS=top-at-mark-start (previous, next)
|   0|0x0000000080c00000, 0x0000000080d00000, 0x0000000080d00000|100%|HS|  |TAMS 0x0000000080d00000, 0x0000000080c00000| Complete 
|   1|0x0000000080d00000, 0x0000000080e00000, 0x0000000080e00000|100%| O|  |TAMS 0x0000000080e00000, 0x0000000080d00000| Untracked 
|   2|0x0000000080e00000, 0x0000000080f00000, 0x0000000080f00000|100%| O|  |TAMS 0x0000000080f00000, 0x0000000080e00000| Untracked 
|   3|0x0000000080f00000, 0x0000000081000000, 0x0000000081000000|100%| O|  |TAMS 0x0000000081000000, 0x0000000080f00000| Untracked 
|   4|0x0000000081000000, 0x0000000081100000, 0x0000000081100000|100%| O|  |TAMS 0x000000008101c200, 0x0000000081000000| Untracked 
|   5|0x0000000081100000, 0x0000000081200000, 0x0000000081200000|100%| O|  |TAMS 0x0000000081100000, 0x0000000081100000| Untracked 
|   6|0x0000000081200000, 0x0000000081300000, 0x0000000081300000|100%| O|  |TAMS 0x0000000081200000, 0x0000000081200000| Untracked 
|   7|0x0000000081300000, 0x0000000081400000, 0x0000000081400000|100%| O|  |TAMS 0x0000000081300000, 0x0000000081300000| Untracked 
|   8|0x0000000081400000, 0x00000000814a4200, 0x0000000081500000| 64%| O|  |TAMS 0x0000000081400000, 0x0000000081400000| Untracked 
|   9|0x0000000081500000, 0x0000000081500000, 0x0000000081600000|  0%| F|  |TAMS 0x0000000081500000, 0x0000000081500000| Untracked 
|  10|0x0000000081600000, 0x0000000081600000, 0x0000000081700000|  0%| F|  |TAMS 0x0000000081600000, 0x0000000081600000| Untracked 
|  11|0x0000000081700000, 0x0000000081700000, 0x0000000081800000|  0%| F|  |TAMS 0x0000000081700000, 0x0000000081700000| Untracked 
|  12|0x0000000081800000, 0x0000000081800000, 0x0000000081900000|  0%| F|  |TAMS 0x0000000081800000, 0x0000000081800000| Untracked 
|  13|0x0000000081900000, 0x0000000081900000, 0x0000000081a00000|  0%| F|  |TAMS 0x0000000081900000, 0x0000000081900000| Untracked 
|  14|0x0000000081a00000, 0x0000000081a00000, 0x0000000081b00000|  0%| F|  |TAMS 0x0000000081a00000, 0x0000000081a00000| Untracked 
|  15|0x0000000081b00000, 0x0000000081b00000, 0x0000000081c00000|  0%| F|  |TAMS 0x0000000081b00000, 0x0000000081b00000| Untracked 
|  16|0x0000000081c00000, 0x0000000081c00000, 0x0000000081d00000|  0%| F|  |TAMS 0x0000000081c00000, 0x0000000081c00000| Untracked 
|  17|0x0000000081d00000, 0x0000000081d00000, 0x0000000081e00000|  0%| F|  |TAMS 0x0000000081d00000, 0x0000000081d00000| Untracked 
|  18|0x0000000081e00000, 0x0000000081e00000, 0x0000000081f00000|  0%| F|  |TAMS 0x0000000081e00000, 0x0000000081e00000| Untracked 
|  19|0x0000000081f00000, 0x0000000081f00000, 0x0000000082000000|  0%| F|  |TAMS 0x0000000081f00000, 0x0000000081f00000| Untracked 
|  20|0x0000000082000000, 0x0000000082000000, 0x0000000082100000|  0%| F|  |TAMS 0x0000000082000000, 0x0000000082000000| Untracked 
|  21|0x0000000082100000, 0x0000000082100000, 0x0000000082200000|  0%| F|  |TAMS 0x0000000082100000, 0x0000000082100000| Untracked 
|  22|0x0000000082200000, 0x0000000082200000, 0x0000000082300000|  0%| F|  |TAMS 0x0000000082200000, 0x0000000082200000| Untracked 
|  23|0x0000000082300000, 0x0000000082300000, 0x0000000082400000|  0%| F|  |TAMS 0x0000000082300000, 0x0000000082300000| Untracked 
|  24|0x0000000082400000, 0x0000000082400000, 0x0000000082500000|  0%| F|  |TAMS 0x0000000082400000, 0x0000000082400000| Untracked 
|  25|0x0000000082500000, 0x0000000082500000, 0x0000000082600000|  0%| F|  |TAMS 0x0000000082500000, 0x0000000082500000| Untracked 
|  26|0x0000000082600000, 0x0000000082600000, 0x0000000082700000|  0%| F|  |TAMS 0x0000000082600000, 0x0000000082600000| Untracked 
|  27|0x0000000082700000, 0x0000000082700000, 0x0000000082800000|  0%| F|  |TAMS 0x0000000082700000, 0x0000000082700000| Untracked 
|  28|0x0000000082800000, 0x0000000082800000, 0x0000000082900000|  0%| F|  |TAMS 0x0000000082800000, 0x0000000082800000| Untracked 
|  29|0x0000000082900000, 0x0000000082900000, 0x0000000082a00000|  0%| F|  |TAMS 0x0000000082900000, 0x0000000082900000| Untracked 
|  30|0x0000000082a00000, 0x0000000082a00000, 0x0000000082b00000|  0%| F|  |TAMS 0x0000000082a00000, 0x0000000082a00000| Untracked 
|  31|0x0000000082b00000, 0x0000000082b00000, 0x0000000082c00000|  0%| F|  |TAMS 0x0000000082b00000, 0x0000000082b00000| Untracked 
|  32|0x0000000082c00000, 0x0000000082c00000, 0x0000000082d00000|  0%| F|  |TAMS 0x0000000082c00000, 0x0000000082c00000| Untracked 
|  33|0x0000000082d00000, 0x0000000082d00000, 0x0000000082e00000|  0%| F|  |TAMS 0x0000000082d00000, 0x0000000082d00000| Untracked 
|  34|0x0000000082e00000, 0x0000000082e00000, 0x0000000082f00000|  0%| F|  |TAMS 0x0000000082e00000, 0x0000000082e00000| Untracked 
|  35|0x0000000082f00000, 0x0000000082f00000, 0x0000000083000000|  0%| F|  |TAMS 0x0000000082f00000, 0x0000000082f00000| Untracked 
|  36|0x0000000083000000, 0x0000000083000000, 0x0000000083100000|  0%| F|  |TAMS 0x0000000083000000, 0x0000000083000000| Untracked 
|  37|0x0000000083100000, 0x0000000083100000, 0x0000000083200000|  0%| F|  |TAMS 0x0000000083100000, 0x0000000083100000| Untracked 
|  38|0x0000000083200000, 0x0000000083200000, 0x0000000083300000|  0%| F|  |TAMS 0x0000000083200000, 0x0000000083200000| Untracked 
|  39|0x0000000083300000, 0x0000000083300000, 0x0000000083400000|  0%| F|  |TAMS 0x0000000083300000, 0x0000000083300000| Untracked 
|  40|0x0000000083400000, 0x0000000083400000, 0x0000000083500000|  0%| F|  |TAMS 0x0000000083400000, 0x0000000083400000| Untracked 
|  41|0x0000000083500000, 0x0000000083500000, 0x0000000083600000|  0%| F|  |TAMS 0x0000000083500000, 0x0000000083500000| Untracked 
|  42|0x0000000083600000, 0x0000000083600000, 0x0000000083700000|  0%| F|  |TAMS 0x0000000083600000, 0x0000000083600000| Untracked 
|  43|0x0000000083700000, 0x0000000083700000, 0x0000000083800000|  0%| F|  |TAMS 0x0000000083700000, 0x0000000083700000| Untracked 
|  44|0x0000000083800000, 0x0000000083800000, 0x0000000083900000|  0%| F|  |TAMS 0x0000000083800000, 0x0000000083800000| Untracked 
|  45|0x0000000083900000, 0x0000000083900000, 0x0000000083a00000|  0%| F|  |TAMS 0x0000000083900000, 0x0000000083900000| Untracked 
|  46|0x0000000083a00000, 0x0000000083a00000, 0x0000000083b00000|  0%| F|  |TAMS 0x0000000083a00000, 0x0000000083a00000| Untracked 
|  47|0x0000000083b00000, 0x0000000083b00000, 0x0000000083c00000|  0%| F|  |TAMS 0x0000000083b00000, 0x0000000083b00000| Untracked 
|  48|0x0000000083c00000, 0x0000000083c00000, 0x0000000083d00000|  0%| F|  |TAMS 0x0000000083c00000, 0x0000000083c00000| Untracked 
|  49|0x0000000083d00000, 0x0000000083d00000, 0x0000000083e00000|  0%| F|  |TAMS 0x0000000083d00000, 0x0000000083d00000| Untracked 
|  50|0x0000000083e00000, 0x0000000083e00000, 0x0000000083f00000|  0%| F|  |TAMS 0x0000000083e00000, 0x0000000083e00000| Untracked 
|  51|0x0000000083f00000, 0x0000000083f00000, 0x0000000084000000|  0%| F|  |TAMS 0x0000000083f00000, 0x0000000083f00000| Untracked 
|  52|0x0000000084000000, 0x0000000084000000, 0x0000000084100000|  0%| F|  |TAMS 0x0000000084000000, 0x0000000084000000| Untracked 
|  53|0x0000000084100000, 0x0000000084100000, 0x0000000084200000|  0%| F|  |TAMS 0x0000000084100000, 0x0000000084100000| Untracked 
|  54|0x0000000084200000, 0x0000000084200000, 0x0000000084300000|  0%| F|  |TAMS 0x0000000084200000, 0x0000000084200000| Untracked 
|  55|0x0000000084300000, 0x0000000084300000, 0x0000000084400000|  0%| F|  |TAMS 0x0000000084300000, 0x0000000084300000| Untracked 
|  56|0x0000000084400000, 0x0000000084400000, 0x0000000084500000|  0%| F|  |TAMS 0x0000000084400000, 0x0000000084400000| Untracked 
|  57|0x0000000084500000, 0x0000000084500000, 0x0000000084600000|  0%| F|  |TAMS 0x0000000084500000, 0x0000000084500000| Untracked 
|  58|0x0000000084600000, 0x0000000084600000, 0x0000000084700000|  0%| F|  |TAMS 0x0000000084600000, 0x0000000084600000| Untracked 
|  59|0x0000000084700000, 0x0000000084700000, 0x0000000084800000|  0%| F|  |TAMS 0x0000000084700000, 0x0000000084700000| Untracked 
|  60|0x0000000084800000, 0x0000000084800000, 0x0000000084900000|  0%| F|  |TAMS 0x0000000084800000, 0x0000000084800000| Untracked 
|  61|0x0000000084900000, 0x0000000084900000, 0x0000000084a00000|  0%| F|  |TAMS 0x0000000084900000, 0x0000000084900000| Untracked 
|  62|0x0000000084a00000, 0x0000000084a00000, 0x0000000084b00000|  0%| F|  |TAMS 0x0000000084a00000, 0x0000000084a00000| Untracked 
|  63|0x0000000084b00000, 0x0000000084b00000, 0x0000000084c00000|  0%| F|  |TAMS 0x0000000084b00000, 0x0000000084b00000| Untracked 
|  64|0x0000000084c00000, 0x0000000084c00000, 0x0000000084d00000|  0%| F|  |TAMS 0x0000000084c00000, 0x0000000084c00000| Untracked 
|  65|0x0000000084d00000, 0x0000000084d00000, 0x0000000084e00000|  0%| F|  |TAMS 0x0000000084d00000, 0x0000000084d00000| Untracked 
|  66|0x0000000084e00000, 0x0000000084e00000, 0x0000000084f00000|  0%| F|  |TAMS 0x0000000084e00000, 0x0000000084e00000| Untracked 
|  67|0x0000000084f00000, 0x0000000084f00000, 0x0000000085000000|  0%| F|  |TAMS 0x0000000084f00000, 0x0000000084f00000| Untracked 
|  68|0x0000000085000000, 0x0000000085000000, 0x0000000085100000|  0%| F|  |TAMS 0x0000000085000000, 0x0000000085000000| Untracked 
|  69|0x0000000085100000, 0x0000000085100000, 0x0000000085200000|  0%| F|  |TAMS 0x0000000085100000, 0x0000000085100000| Untracked 
|  70|0x0000000085200000, 0x0000000085200000, 0x0000000085300000|  0%| F|  |TAMS 0x0000000085200000, 0x0000000085200000| Untracked 
|  71|0x0000000085300000, 0x0000000085300000, 0x0000000085400000|  0%| F|  |TAMS 0x0000000085300000, 0x0000000085300000| Untracked 
|  72|0x0000000085400000, 0x0000000085500000, 0x0000000085500000|100%| E|  |TAMS 0x0000000085400000, 0x0000000085400000| Complete 
|  73|0x0000000085500000, 0x00000000855144e0, 0x0000000085600000|  7%| S|CS|TAMS 0x0000000085500000, 0x0000000085500000| Complete 
|  74|0x0000000085600000, 0x0000000085700000, 0x0000000085700000|100%| S|CS|TAMS 0x0000000085600000, 0x0000000085600000| Complete 
|  75|0x0000000085700000, 0x0000000085800000, 0x0000000085800000|100%| S|CS|TAMS 0x0000000085700000, 0x0000000085700000| Complete 
|  76|0x0000000085800000, 0x0000000085900000, 0x0000000085900000|100%| S|CS|TAMS 0x0000000085800000, 0x0000000085800000| Complete 
|  77|0x0000000085900000, 0x0000000085a00000, 0x0000000085a00000|100%| E|CS|TAMS 0x0000000085900000, 0x0000000085900000| Complete 
|  78|0x0000000085a00000, 0x0000000085b00000, 0x0000000085b00000|100%| E|CS|TAMS 0x0000000085a00000, 0x0000000085a00000| Complete 
|  79|0x0000000085b00000, 0x0000000085c00000, 0x0000000085c00000|100%| E|CS|TAMS 0x0000000085b00000, 0x0000000085b00000| Complete 
|  80|0x0000000085c00000, 0x0000000085d00000, 0x0000000085d00000|100%| E|CS|TAMS 0x0000000085c00000, 0x0000000085c00000| Complete 
|  81|0x0000000085d00000, 0x0000000085e00000, 0x0000000085e00000|100%| E|CS|TAMS 0x0000000085d00000, 0x0000000085d00000| Complete 
|  82|0x0000000085e00000, 0x0000000085f00000, 0x0000000085f00000|100%| E|CS|TAMS 0x0000000085e00000, 0x0000000085e00000| Complete 
|  83|0x0000000085f00000, 0x0000000086000000, 0x0000000086000000|100%| E|CS|TAMS 0x0000000085f00000, 0x0000000085f00000| Complete 
|  84|0x0000000086000000, 0x0000000086100000, 0x0000000086100000|100%| E|CS|TAMS 0x0000000086000000, 0x0000000086000000| Complete 
|  85|0x0000000086100000, 0x0000000086200000, 0x0000000086200000|100%| E|CS|TAMS 0x0000000086100000, 0x0000000086100000| Complete 
|  86|0x0000000086200000, 0x0000000086300000, 0x0000000086300000|100%| E|CS|TAMS 0x0000000086200000, 0x0000000086200000| Complete 
|  87|0x0000000086300000, 0x0000000086400000, 0x0000000086400000|100%| E|CS|TAMS 0x0000000086300000, 0x0000000086300000| Complete 
|  88|0x0000000086400000, 0x0000000086500000, 0x0000000086500000|100%| E|CS|TAMS 0x0000000086400000, 0x0000000086400000| Complete 
|  89|0x0000000086500000, 0x0000000086600000, 0x0000000086600000|100%| E|CS|TAMS 0x0000000086500000, 0x0000000086500000| Complete 
|  90|0x0000000086600000, 0x0000000086700000, 0x0000000086700000|100%| E|CS|TAMS 0x0000000086600000, 0x0000000086600000| Complete 
|  91|0x0000000086700000, 0x0000000086800000, 0x0000000086800000|100%| E|CS|TAMS 0x0000000086700000, 0x0000000086700000| Complete 
|  92|0x0000000086800000, 0x0000000086900000, 0x0000000086900000|100%| E|CS|TAMS 0x0000000086800000, 0x0000000086800000| Complete 
|  93|0x0000000086900000, 0x0000000086a00000, 0x0000000086a00000|100%| E|CS|TAMS 0x0000000086900000, 0x0000000086900000| Complete 
|  94|0x0000000086a00000, 0x0000000086b00000, 0x0000000086b00000|100%| E|CS|TAMS 0x0000000086a00000, 0x0000000086a00000| Complete 
|  95|0x0000000086b00000, 0x0000000086c00000, 0x0000000086c00000|100%| E|CS|TAMS 0x0000000086b00000, 0x0000000086b00000| Complete 
|  96|0x0000000086c00000, 0x0000000086d00000, 0x0000000086d00000|100%| E|CS|TAMS 0x0000000086c00000, 0x0000000086c00000| Complete 
|  97|0x0000000086d00000, 0x0000000086e00000, 0x0000000086e00000|100%| E|CS|TAMS 0x0000000086d00000, 0x0000000086d00000| Complete 
|  98|0x0000000086e00000, 0x0000000086f00000, 0x0000000086f00000|100%| E|CS|TAMS 0x0000000086e00000, 0x0000000086e00000| Complete 
|  99|0x0000000086f00000, 0x0000000087000000, 0x0000000087000000|100%| E|CS|TAMS 0x0000000086f00000, 0x0000000086f00000| Complete 
| 100|0x0000000087000000, 0x0000000087100000, 0x0000000087100000|100%| E|CS|TAMS 0x0000000087000000, 0x0000000087000000| Complete 
| 101|0x0000000087100000, 0x0000000087200000, 0x0000000087200000|100%| E|CS|TAMS 0x0000000087100000, 0x0000000087100000| Complete 
| 102|0x0000000087200000, 0x0000000087300000, 0x0000000087300000|100%| E|CS|TAMS 0x0000000087200000, 0x0000000087200000| Complete 
| 103|0x0000000087300000, 0x0000000087400000, 0x0000000087400000|100%| E|CS|TAMS 0x0000000087300000, 0x0000000087300000| Complete 
| 104|0x0000000087400000, 0x0000000087500000, 0x0000000087500000|100%| E|CS|TAMS 0x0000000087400000, 0x0000000087400000| Complete 
| 105|0x0000000087500000, 0x0000000087600000, 0x0000000087600000|100%| E|  |TAMS 0x0000000087500000, 0x0000000087500000| Complete 
| 106|0x0000000087600000, 0x0000000087700000, 0x0000000087700000|100%| E|CS|TAMS 0x0000000087600000, 0x0000000087600000| Complete 
| 107|0x0000000087700000, 0x0000000087800000, 0x0000000087800000|100%| E|CS|TAMS 0x0000000087700000, 0x0000000087700000| Complete 
| 108|0x0000000087800000, 0x0000000087900000, 0x0000000087900000|100%| E|CS|TAMS 0x0000000087800000, 0x0000000087800000| Complete 
| 109|0x0000000087900000, 0x0000000087a00000, 0x0000000087a00000|100%| E|CS|TAMS 0x0000000087900000, 0x0000000087900000| Complete 
| 110|0x0000000087a00000, 0x0000000087b00000, 0x0000000087b00000|100%| E|CS|TAMS 0x0000000087a00000, 0x0000000087a00000| Complete 
| 111|0x0000000087b00000, 0x0000000087c00000, 0x0000000087c00000|100%| E|CS|TAMS 0x0000000087b00000, 0x0000000087b00000| Complete 
| 112|0x0000000087c00000, 0x0000000087d00000, 0x0000000087d00000|100%| E|CS|TAMS 0x0000000087c00000, 0x0000000087c00000| Complete 
| 113|0x0000000087d00000, 0x0000000087e00000, 0x0000000087e00000|100%| E|CS|TAMS 0x0000000087d00000, 0x0000000087d00000| Complete 
| 114|0x0000000087e00000, 0x0000000087f00000, 0x0000000087f00000|100%| E|CS|TAMS 0x0000000087e00000, 0x0000000087e00000| Complete 
| 115|0x0000000087f00000, 0x0000000088000000, 0x0000000088000000|100%| E|CS|TAMS 0x0000000087f00000, 0x0000000087f00000| Complete 
| 116|0x0000000088000000, 0x0000000088100000, 0x0000000088100000|100%| E|CS|TAMS 0x0000000088000000, 0x0000000088000000| Complete 
| 117|0x0000000088100000, 0x0000000088200000, 0x0000000088200000|100%| E|CS|TAMS 0x0000000088100000, 0x0000000088100000| Complete 
| 118|0x0000000088200000, 0x0000000088300000, 0x0000000088300000|100%| E|CS|TAMS 0x0000000088200000, 0x0000000088200000| Complete 
| 119|0x0000000088300000, 0x0000000088400000, 0x0000000088400000|100%| E|CS|TAMS 0x0000000088300000, 0x0000000088300000| Complete 
| 120|0x0000000088400000, 0x0000000088500000, 0x0000000088500000|100%| E|CS|TAMS 0x0000000088400000, 0x0000000088400000| Complete 
| 121|0x0000000088500000, 0x0000000088600000, 0x0000000088600000|100%| E|CS|TAMS 0x0000000088500000, 0x0000000088500000| Complete 
| 122|0x0000000088600000, 0x0000000088700000, 0x0000000088700000|100%| E|CS|TAMS 0x0000000088600000, 0x0000000088600000| Complete 
| 123|0x0000000088700000, 0x0000000088800000, 0x0000000088800000|100%| E|CS|TAMS 0x0000000088700000, 0x0000000088700000| Complete 
| 124|0x0000000088800000, 0x0000000088900000, 0x0000000088900000|100%| E|CS|TAMS 0x0000000088800000, 0x0000000088800000| Complete 
| 125|0x0000000088900000, 0x0000000088a00000, 0x0000000088a00000|100%| E|CS|TAMS 0x0000000088900000, 0x0000000088900000| Complete 
| 126|0x0000000088a00000, 0x0000000088b00000, 0x0000000088b00000|100%| E|CS|TAMS 0x0000000088a00000, 0x0000000088a00000| Complete 
| 127|0x0000000088b00000, 0x0000000088c00000, 0x0000000088c00000|100%| E|CS|TAMS 0x0000000088b00000, 0x0000000088b00000| Complete 

Card table byte_map: [0x0000020dd88c0000,0x0000020dd8cc0000] _byte_map_base: 0x0000020dd84ba000

Marking Bits (Prev, Next): (CMBitMap*) 0x0000020dc0bd2d60, (CMBitMap*) 0x0000020dc0bd2d28
 Prev Bits: [0x0000020ddb090000, 0x0000020ddd060000)
 Next Bits: [0x0000020dd90c0000, 0x0000020ddb090000)

Polling page: 0x0000020dbeb70000

Metaspace:

Usage:
  Non-class:     25.87 MB capacity,    25.31 MB ( 98%) used,   481.48 KB (  2%) free+waste,    95.81 KB ( <1%) overhead. 
      Class:      3.92 MB capacity,     3.56 MB ( 91%) used,   324.04 KB (  8%) free+waste,    48.19 KB (  1%) overhead. 
       Both:     29.79 MB capacity,    28.87 MB ( 97%) used,   805.52 KB (  3%) free+waste,   144.00 KB ( <1%) overhead. 

Virtual space:
  Non-class space:       26.00 MB reserved,      26.00 MB (100%) committed 
      Class space:        1.00 GB reserved,       4.00 MB ( <1%) committed 
             Both:        1.03 GB reserved,      30.00 MB (  3%) committed 

Chunk freelists:
   Non-Class:  768 bytes
       Class:  1.75 KB
        Both:  2.50 KB

CodeHeap 'non-profiled nmethods': size=238336Kb used=4766Kb max_used=4766Kb free=233569Kb
 bounds [0x0000020dc96b0000, 0x0000020dc9b60000, 0x0000020dd7f70000]
CodeHeap 'non-nmethods': size=7424Kb used=1158Kb max_used=1158Kb free=6265Kb
 bounds [0x0000020dc8f70000, 0x0000020dc91e0000, 0x0000020dc96b0000]
 total_blobs=3387 nmethods=2882 adapters=415
 compilation: enabled
              stopped_count=0, restarted_count=0
 full_count=0

Compilation events (10 events):
Event: 2.493 Thread 0x0000020de0580000 2879       1       java.lang.reflect.ProxyGenerator$FieldInfo::<init> (44 bytes)
Event: 2.494 Thread 0x0000020de0580000 nmethod 2879 0x0000020dc9b55410 code [0x0000020dc9b55600, 0x0000020dc9b55a00]
Event: 2.494 Thread 0x0000020de0580000 2881       1       java.lang.reflect.ProxyGenerator::getMethodDescriptor (37 bytes)
Event: 2.494 Thread 0x0000020de0580000 nmethod 2881 0x0000020dc9b55b90 code [0x0000020dc9b55d80, 0x0000020dc9b56130]
Event: 2.494 Thread 0x0000020de0580000 2882       1       java.lang.reflect.ProxyGenerator$ConstantPool::getInterfaceMethodRef (33 bytes)
Event: 2.494 Thread 0x0000020de0580000 nmethod 2882 0x0000020dc9b56310 code [0x0000020dc9b56540, 0x0000020dc9b56af0]
Event: 2.494 Thread 0x0000020de0580000 2883       1       jdk.internal.reflect.DelegatingMethodAccessorImpl::setDelegate (6 bytes)
Event: 2.494 Thread 0x0000020de0580000 nmethod 2883 0x0000020dc9b56d90 code [0x0000020dc9b56f20, 0x0000020dc9b57078]
Event: 2.502 Thread 0x0000020de0580000 2884       1       java.lang.NamedPackage::<init> (59 bytes)
Event: 2.503 Thread 0x0000020de0580000 nmethod 2884 0x0000020dc9b57110 code [0x0000020dc9b57340, 0x0000020dc9b578e0]

GC Heap History (8 events):
Event: 1.091 GC heap before
{Heap before GC invocations=0 (full 0):
 garbage-first heap   total 131072K, used 24576K [0x0000000080c00000, 0x0000000100000000)
  region size 1024K, 24 young (24576K), 0 survivors (0K)
 Metaspace       used 14428K, capacity 14854K, committed 14976K, reserved 1062912K
  class space    used 1523K, capacity 1655K, committed 1664K, reserved 1048576K
}
Event: 1.098 GC heap after
{Heap after GC invocations=1 (full 0):
 garbage-first heap   total 131072K, used 7280K [0x0000000080c00000, 0x0000000100000000)
  region size 1024K, 3 young (3072K), 3 survivors (3072K)
 Metaspace       used 14428K, capacity 14854K, committed 14976K, reserved 1062912K
  class space    used 1523K, capacity 1655K, committed 1664K, reserved 1048576K
}
Event: 1.419 GC heap before
{Heap before GC invocations=1 (full 0):
 garbage-first heap   total 131072K, used 45168K [0x0000000080c00000, 0x0000000100000000)
  region size 1024K, 41 young (41984K), 3 survivors (3072K)
 Metaspace       used 20502K, capacity 21123K, committed 21248K, reserved 1067008K
  class space    used 2461K, capacity 2719K, committed 2816K, reserved 1048576K
}
Event: 1.426 GC heap after
{Heap after GC invocations=2 (full 0):
 garbage-first heap   total 131072K, used 9075K [0x0000000080c00000, 0x0000000100000000)
  region size 1024K, 5 young (5120K), 5 survivors (5120K)
 Metaspace       used 20502K, capacity 21123K, committed 21248K, reserved 1067008K
  class space    used 2461K, capacity 2719K, committed 2816K, reserved 1048576K
}
Event: 1.578 GC heap before
{Heap before GC invocations=3 (full 0):
 garbage-first heap   total 131072K, used 27507K [0x0000000080c00000, 0x0000000100000000)
  region size 1024K, 23 young (23552K), 5 survivors (5120K)
 Metaspace       used 23317K, capacity 24029K, committed 24192K, reserved 1071104K
  class space    used 2828K, capacity 3097K, committed 3200K, reserved 1048576K
}
Event: 1.586 GC heap after
{Heap after GC invocations=4 (full 0):
 garbage-first heap   total 131072K, used 9839K [0x0000000080c00000, 0x0000000100000000)
  region size 1024K, 1 young (1024K), 1 survivors (1024K)
 Metaspace       used 23317K, capacity 24029K, committed 24192K, reserved 1071104K
  class space    used 2828K, capacity 3097K, committed 3200K, reserved 1048576K
}
Event: 2.076 GC heap before
{Heap before GC invocations=4 (full 0):
 garbage-first heap   total 131072K, used 60015K [0x0000000080c00000, 0x0000000100000000)
  region size 1024K, 51 young (52224K), 1 survivors (1024K)
 Metaspace       used 27863K, capacity 28654K, committed 28800K, reserved 1075200K
  class space    used 3389K, capacity 3704K, committed 3712K, reserved 1048576K
}
Event: 2.083 GC heap after
{Heap after GC invocations=5 (full 0):
 garbage-first heap   total 131072K, used 12001K [0x0000000080c00000, 0x0000000100000000)
  region size 1024K, 4 young (4096K), 4 survivors (4096K)
 Metaspace       used 27863K, capacity 28654K, committed 28800K, reserved 1075200K
  class space    used 3389K, capacity 3704K, committed 3712K, reserved 1048576K
}

Deoptimization events (0 events):
No events

Classes redefined (0 events):
No events

Internal exceptions (10 events):
Event: 1.677 Thread 0x0000020de11e6800 Exception <a 'java/lang/NoSuchMethodError'{0x00000000881fa2d8}: java.lang.invoke.DirectMethodHandle$Holder.invokeStatic(Ljava/lang/Object;Ljava/lang/Object;)J> (0x00000000881fa2d8) thrown at [./open/src/hotspot/share/interpreter/linkResolver.cpp, line 772
Event: 1.677 Thread 0x0000020de11e6800 Exception <a 'java/lang/NoSuchMethodError'{0x00000000881fd100}: java.lang.invoke.DirectMethodHandle$Holder.invokeStaticInit(Ljava/lang/Object;Ljava/lang/Object;)J> (0x00000000881fd100) thrown at [./open/src/hotspot/share/interpreter/linkResolver.cpp, line
Event: 1.681 Thread 0x0000020de11e6800 Exception <a 'java/lang/NoSuchMethodError'{0x0000000088088e48}: java.lang.invoke.DirectMethodHandle$Holder.invokeInterface(Ljava/lang/Object;Ljava/lang/Object;)J> (0x0000000088088e48) thrown at [./open/src/hotspot/share/interpreter/linkResolver.cpp, line 
Event: 1.681 Thread 0x0000020de11e6800 Exception <a 'java/lang/IncompatibleClassChangeError'{0x000000008808bbe0}: Found class java.lang.Object, but interface was expected> (0x000000008808bbe0) thrown at [./open/src/hotspot/share/interpreter/linkResolver.cpp, line 838]
Event: 1.683 Thread 0x0000020de11f5800 Exception <a 'java/lang/reflect/InvocationTargetException'{0x0000000088009590}> (0x0000000088009590) thrown at [./open/src/hotspot/share/runtime/reflection.cpp, line 1242]
Event: 1.695 Thread 0x0000020de11e6800 Exception <a 'java/lang/NoSuchMethodError'{0x0000000087e12ff0}: java.lang.invoke.DirectMethodHandle$Holder.invokeVirtual(Ljava/lang/Object;Ljava/lang/Object;Ljava/lang/Object;Ljava/lang/Object;)Ljava/lang/Object;> (0x0000000087e12ff0) thrown at [./open/sr
Event: 1.851 Thread 0x0000020dc0b94800 Exception <a 'java/lang/IncompatibleClassChangeError'{0x0000000086e74ee0}: Found class java.lang.Object, but interface was expected> (0x0000000086e74ee0) thrown at [./open/src/hotspot/share/interpreter/linkResolver.cpp, line 838]
Event: 2.196 Thread 0x0000020de11f5800 Exception <a 'java/lang/reflect/InvocationTargetException'{0x0000000086b89bf8}> (0x0000000086b89bf8) thrown at [./open/src/hotspot/share/runtime/reflection.cpp, line 1242]
Event: 2.265 Thread 0x0000020dc0b94800 Exception <a 'java/lang/NoSuchMethodError'{0x0000000086458af0}: java.lang.invoke.DirectMethodHandle$Holder.invokeInterface(Ljava/lang/Object;Ljava/lang/Object;Ljava/lang/Object;Ljava/lang/Object;)V> (0x0000000086458af0) thrown at [./open/src/hotspot/share
Event: 2.302 Thread 0x0000020dc0b94800 Exception <a 'java/lang/NoSuchMethodError'{0x0000000086215368}: java.lang.invoke.DirectMethodHandle$Holder.invokeSpecial(Ljava/lang/Object;Ljava/lang/Object;Ljava/lang/Object;Ljava/lang/Object;Ljava/lang/Object;)I> (0x0000000086215368) thrown at [./open/s

Events (10 events):
Event: 2.514 loading class org/springframework/beans/factory/support/AutowireUtils
Event: 2.514 loading class org/springframework/beans/factory/support/AutowireUtils done
Event: 2.515 loading class org/springframework/beans/factory/support/ConstructorResolver$ConstructorPropertiesChecker
Event: 2.515 loading class org/springframework/beans/factory/support/ConstructorResolver$ConstructorPropertiesChecker done
Event: 2.516 loading class org/springframework/beans/factory/support/ConstructorResolver$ArgumentsHolder
Event: 2.516 loading class org/springframework/beans/factory/support/ConstructorResolver$ArgumentsHolder done
Event: 2.517 loading class org/springframework/util/MethodInvoker
Event: 2.517 loading class org/springframework/util/MethodInvoker done
Event: 2.517 loading class org/springframework/data/util/Streamable
Event: 2.517 loading class org/springframework/data/util/Streamable done


Dynamic libraries:
0x00007ff6c7ca0000 - 0x00007ff6c7ce7000 	C:\Program Files\Java\jdk-11.0.7\bin\java.exe
0x00007ff8dd500000 - 0x00007ff8dd6f0000 	C:\WINDOWS\SYSTEM32\ntdll.dll
0x00007ff8b9370000 - 0x00007ff8b9382000 	C:\Program Files\Avast Software\Avast\aswhook.dll
0x00007ff8db820000 - 0x00007ff8db8d2000 	C:\WINDOWS\System32\KERNEL32.DLL
0x00007ff8da520000 - 0x00007ff8da7c4000 	C:\WINDOWS\System32\KERNELBASE.dll
0x00007ff8dd370000 - 0x00007ff8dd413000 	C:\WINDOWS\System32\ADVAPI32.dll
0x00007ff8dd220000 - 0x00007ff8dd2be000 	C:\WINDOWS\System32\msvcrt.dll
0x00007ff8dd420000 - 0x00007ff8dd4b7000 	C:\WINDOWS\System32\sechost.dll
0x00007ff8dc100000 - 0x00007ff8dc220000 	C:\WINDOWS\System32\RPCRT4.dll
0x00007ff8dc9d0000 - 0x00007ff8dcb65000 	C:\WINDOWS\System32\USER32.dll
0x00007ff8db280000 - 0x00007ff8db2a1000 	C:\WINDOWS\System32\win32u.dll
0x00007ff8dc0d0000 - 0x00007ff8dc0f6000 	C:\WINDOWS\System32\GDI32.dll
0x00007ff8db2b0000 - 0x00007ff8db446000 	C:\WINDOWS\System32\gdi32full.dll
0x00007ff8daf60000 - 0x00007ff8daffe000 	C:\WINDOWS\System32\msvcp_win.dll
0x00007ff8db450000 - 0x00007ff8db54a000 	C:\WINDOWS\System32\ucrtbase.dll
0x00007ff8d98b0000 - 0x00007ff8d9b34000 	C:\WINDOWS\WinSxS\amd64_microsoft.windows.common-controls_6595b64144ccf1df_6.0.18362.1016_none_9e7a36bbe461dae4\COMCTL32.dll
0x00007ff8dc400000 - 0x00007ff8dc735000 	C:\WINDOWS\System32\combase.dll
0x00007ff8db200000 - 0x00007ff8db280000 	C:\WINDOWS\System32\bcryptPrimitives.dll
0x00007ff8d3830000 - 0x00007ff8d383a000 	C:\WINDOWS\SYSTEM32\VERSION.dll
0x00007ff8dc360000 - 0x00007ff8dc38e000 	C:\WINDOWS\System32\IMM32.DLL
0x00007ff8d9e90000 - 0x00007ff8d9ec1000 	C:\WINDOWS\SYSTEM32\ntmarta.dll
0x00007ff8da2a0000 - 0x00007ff8da2cf000 	C:\WINDOWS\SYSTEM32\SspiCli.dll
0x00007ff8c4f30000 - 0x00007ff8c4f46000 	C:\Program Files\Java\jdk-11.0.7\bin\vcruntime140.dll
0x00007ff8a4bd0000 - 0x00007ff8a4c7a000 	C:\Program Files\Java\jdk-11.0.7\bin\msvcp140.dll
0x00007ff86f6b0000 - 0x00007ff870211000 	C:\Program Files\Java\jdk-11.0.7\bin\server\jvm.dll
0x00007ff8dc3f0000 - 0x00007ff8dc3f8000 	C:\WINDOWS\System32\PSAPI.DLL
0x00007ff8c8cd0000 - 0x00007ff8c8cd9000 	C:\WINDOWS\SYSTEM32\WSOCK32.dll
0x00007ff8dcd40000 - 0x00007ff8dcdaf000 	C:\WINDOWS\System32\WS2_32.dll
0x00007ff8d77c0000 - 0x00007ff8d77e4000 	C:\WINDOWS\SYSTEM32\WINMM.dll
0x00007ff8d7790000 - 0x00007ff8d77bd000 	C:\WINDOWS\SYSTEM32\WINMMBASE.dll
0x00007ff8da4a0000 - 0x00007ff8da4ea000 	C:\WINDOWS\System32\cfgmgr32.dll
0x00007ff8da3c0000 - 0x00007ff8da3d1000 	C:\WINDOWS\System32\kernel.appcore.dll
0x00007ff8bfe90000 - 0x00007ff8bfea1000 	C:\Program Files\Java\jdk-11.0.7\bin\verify.dll
0x00007ff8d9ed0000 - 0x00007ff8da0c4000 	C:\WINDOWS\SYSTEM32\DBGHELP.DLL
0x00007ff8d9c30000 - 0x00007ff8d9c5a000 	C:\WINDOWS\SYSTEM32\dbgcore.DLL
0x00007ff8bed30000 - 0x00007ff8bed59000 	C:\Program Files\Java\jdk-11.0.7\bin\java.dll
0x00007ff8c5a70000 - 0x00007ff8c5a7a000 	C:\Program Files\Java\jdk-11.0.7\bin\jimage.dll
0x00007ff8be4d0000 - 0x00007ff8be500000 	C:\Program Files\Java\jdk-11.0.7\bin\instrument.dll
0x00007ff8bfe70000 - 0x00007ff8bfe86000 	C:\Program Files\Java\jdk-11.0.7\bin\zip.dll
0x00007ff8db960000 - 0x00007ff8dc047000 	C:\WINDOWS\System32\SHELL32.dll
0x00007ff8db710000 - 0x00007ff8db7b9000 	C:\WINDOWS\System32\shcore.dll
0x00007ff8da7d0000 - 0x00007ff8daf52000 	C:\WINDOWS\System32\windows.storage.dll
0x00007ff8da450000 - 0x00007ff8da473000 	C:\WINDOWS\System32\profapi.dll
0x00007ff8da400000 - 0x00007ff8da44a000 	C:\WINDOWS\System32\powrprof.dll
0x00007ff8da3b0000 - 0x00007ff8da3c0000 	C:\WINDOWS\System32\UMPDC.dll
0x00007ff8dc390000 - 0x00007ff8dc3e2000 	C:\WINDOWS\System32\shlwapi.dll
0x00007ff8da480000 - 0x00007ff8da497000 	C:\WINDOWS\System32\cryptsp.dll
0x00007ff8bef70000 - 0x00007ff8bef89000 	C:\Program Files\Java\jdk-11.0.7\bin\net.dll
0x00007ff8d5a40000 - 0x00007ff8d5b30000 	C:\WINDOWS\SYSTEM32\WINHTTP.dll
0x00007ff8d9590000 - 0x00007ff8d95f7000 	C:\WINDOWS\system32\mswsock.dll
0x00007ff8be4b0000 - 0x00007ff8be4c3000 	C:\Program Files\Java\jdk-11.0.7\bin\nio.dll
0x00007ff8be490000 - 0x00007ff8be4aa000 	C:\Program Files\JetBrains\IntelliJ IDEA 2020.1.1\bin\breakgen64.dll
0x00007ff8d92e0000 - 0x00007ff8d93ab000 	C:\WINDOWS\SYSTEM32\DNSAPI.dll
0x00007ff8dc8f0000 - 0x00007ff8dc8f8000 	C:\WINDOWS\System32\NSI.dll
0x00007ff8d92a0000 - 0x00007ff8d92da000 	C:\WINDOWS\SYSTEM32\IPHLPAPI.DLL
0x00007ff8d1640000 - 0x00007ff8d164a000 	C:\Windows\System32\rasadhlp.dll
0x00007ff8d1ff0000 - 0x00007ff8d2067000 	C:\WINDOWS\System32\fwpuclnt.dll
0x00007ff8da4f0000 - 0x00007ff8da516000 	C:\WINDOWS\System32\bcrypt.dll
0x00007ff8c4b60000 - 0x00007ff8c4b69000 	C:\Program Files\Java\jdk-11.0.7\bin\management.dll
0x00007ff8c28a0000 - 0x00007ff8c28ac000 	C:\Program Files\Java\jdk-11.0.7\bin\management_ext.dll
0x00007ff8d9100000 - 0x00007ff8d9133000 	C:\WINDOWS\system32\rsaenh.dll
0x00007ff8da2d0000 - 0x00007ff8da2f5000 	C:\WINDOWS\SYSTEM32\USERENV.dll
0x00007ff8d9760000 - 0x00007ff8d976c000 	C:\WINDOWS\SYSTEM32\CRYPTBASE.dll
0x00007ff8d3310000 - 0x00007ff8d3326000 	C:\WINDOWS\SYSTEM32\dhcpcsvc6.DLL
0x00007ff8d32f0000 - 0x00007ff8d330c000 	C:\WINDOWS\SYSTEM32\dhcpcsvc.DLL
0x00007ff8c15e0000 - 0x00007ff8c15f6000 	C:\WINDOWS\system32\napinsp.dll
0x00007ff8c15c0000 - 0x00007ff8c15da000 	C:\WINDOWS\system32\pnrpnsp.dll
0x00007ff8d4210000 - 0x00007ff8d4225000 	C:\WINDOWS\system32\wshbth.dll
0x00007ff8d5f10000 - 0x00007ff8d5f2c000 	C:\WINDOWS\system32\NLAapi.dll
0x00007ff8c15b0000 - 0x00007ff8c15be000 	C:\WINDOWS\System32\winrnr.dll

dbghelp: loaded successfully - version: 4.0.5 - missing functions: none
symbol engine: initialized successfully - sym options: 0x614 - pdb path: .;C:\Program Files\Java\jdk-11.0.7\bin;C:\WINDOWS\SYSTEM32;C:\Program Files\Avast Software\Avast;C:\WINDOWS\WinSxS\amd64_microsoft.windows.common-controls_6595b64144ccf1df_6.0.18362.1016_none_9e7a36bbe461dae4;C:\Program Files\Java\jdk-11.0.7\bin\server;C:\Program Files\JetBrains\IntelliJ IDEA 2020.1.1\bin

VM Arguments:
jvm_args: -XX:TieredStopAtLevel=1 -Xverify:none -Dspring.output.ansi.enabled=always -Dcom.sun.management.jmxremote -Dspring.jmx.enabled=true -Dspring.liveBeansView.mbeanDomain -Dspring.application.admin.enabled=true -javaagent:C:\Program Files\JetBrains\IntelliJ IDEA 2020.1.1\lib\idea_rt.jar=65169:C:\Program Files\JetBrains\IntelliJ IDEA 2020.1.1\bin -Dfile.encoding=UTF-8 
java_command: com.handel.geo.MainApplication
java_class_path (initial): C:\Java\GeoVisualization\target\classes;C:\Users\Wojciech Handel\.m2\repository\org\springframework\boot\spring-boot-starter-data-jpa\2.1.5.RELEASE\spring-boot-starter-data-jpa-2.1.5.RELEASE.jar;C:\Users\Wojciech Handel\.m2\repository\org\springframework\boot\spring-boot-starter-aop\2.1.5.RELEASE\spring-boot-starter-aop-2.1.5.RELEASE.jar;C:\Users\Wojciech Handel\.m2\repository\org\aspectj\aspectjweaver\1.9.4\aspectjweaver-1.9.4.jar;C:\Users\Wojciech Handel\.m2\repository\javax\transaction\javax.transaction-api\1.3\javax.transaction-api-1.3.jar;C:\Users\Wojciech Handel\.m2\repository\javax\xml\bind\jaxb-api\2.3.1\jaxb-api-2.3.1.jar;C:\Users\Wojciech Handel\.m2\repository\javax\activation\javax.activation-api\1.2.0\javax.activation-api-1.2.0.jar;C:\Users\Wojciech Handel\.m2\repository\org\hibernate\hibernate-core\5.3.10.Final\hibernate-core-5.3.10.Final.jar;C:\Users\Wojciech Handel\.m2\repository\org\jboss\logging\jboss-logging\3.3.2.Final\jboss-logging-3.3.2.Final.jar;C:\Users\Wojciech Handel\.m2\repository\javax\persistence\javax.persistence-api\2.2\javax.persistence-api-2.2.jar;C:\Users\Wojciech Handel\.m2\repository\org\javassist\javassist\3.23.2-GA\javassist-3.23.2-GA.jar;C:\Users\Wojciech Handel\.m2\repository\net\bytebuddy\byte-buddy\1.9.12\byte-buddy-1.9.12.jar;C:\Users\Wojciech Handel\.m2\repository\antlr\antlr\2.7.7\antlr-2.7.7.jar;C:\Users\Wojciech Handel\.m2\repository\org\jboss\jandex\2.0.5.Final\jandex-2.0.5.Final.jar;C:\Users\Wojciech Handel\.m2\repository\com\fasterxml\classmate\1.4.0\classmate-1.4.0.jar;C:\Users\Wojciech Handel\.m2\repository\org\dom4j\dom4j\2.1.1\dom4j-2.1.1.jar;C:\Users\Wojciech Handel\.m2\repository\org\hibernate\common\hibernate-commons-annotations\5.0.4.Final\hibernate-commons-annotations-5.0.4.Final.jar;C:\Users\Wojciech Handel\.m2\repository\org\springframework\data\spring-data-jpa\2.1.8.RELEASE\spring-data-jpa-2.1.8.RELEASE.jar;C:\Users\Wojciech Handel\.m2\repository\org\springframework\data\spring
Launcher Type: SUN_STANDARD

[Global flags]
     bool BytecodeVerificationLocal                = false                                     {product} {command line}
     bool BytecodeVerificationRemote               = false                                     {product} {command line}
     intx CICompilerCount                          = 4                                         {product} {ergonomic}
     uint ConcGCThreads                            = 3                                         {product} {ergonomic}
     uint G1ConcRefinementThreads                  = 10                                        {product} {ergonomic}
   size_t G1HeapRegionSize                         = 1048576                                   {product} {ergonomic}
    uintx GCDrainStackTargetSize                   = 64                                        {product} {ergonomic}
   size_t InitialHeapSize                          = 134217728                                 {product} {ergonomic}
     bool ManagementServer                         = true                                      {product} {command line}
   size_t MarkStackSize                            = 4194304                                   {product} {ergonomic}
   size_t MaxHeapSize                              = 2134900736                                {product} {ergonomic}
   size_t MaxNewSize                               = 1280311296                                {product} {ergonomic}
   size_t MinHeapDeltaBytes                        = 1048576                                   {product} {ergonomic}
    uintx NonNMethodCodeHeapSize                   = 7549744                                {pd product} {ergonomic}
    uintx NonProfiledCodeHeapSize                  = 244108496                              {pd product} {ergonomic}
    uintx ProfiledCodeHeapSize                     = 0                                      {pd product} {ergonomic}
    uintx ReservedCodeCacheSize                    = 251658240                              {pd product} {ergonomic}
     bool SegmentedCodeCache                       = true                                      {product} {ergonomic}
     intx TieredStopAtLevel                        = 1                                         {product} {command line}
     bool UseCompressedClassPointers               = true                                 {lp64_product} {ergonomic}
     bool UseCompressedOops                        = true                                 {lp64_product} {ergonomic}
     bool UseG1GC                                  = true                                      {product} {ergonomic}
     bool UseLargePagesIndividualAllocation        = false                                  {pd product} {ergonomic}

Logging:
Log output configuration:
 #0: stdout all=warning uptime,level,tags
 #1: stderr all=off uptime,level,tags

Environment Variables:
PATH=C:\Program Files (x86)\Common Files\Oracle\Java\javapath;C:\WINDOWS\system32;C:\WINDOWS;C:\WINDOWS\System32\Wbem;C:\WINDOWS\System32\WindowsPowerShell\v1.0\;C:\WINDOWS\System32\OpenSSH\;C:\Program Files\Git\cmd;C:\Program Files (x86)\Brackets\command;C:\Users\Wojciech Handel\AppData\Local\Microsoft\WindowsApps;
USERNAME=Wojciech Handel
OS=Windows_NT
PROCESSOR_IDENTIFIER=AMD64 Family 23 Model 8 Stepping 2, AuthenticAMD



---------------  S Y S T E M  ---------------

OS: Windows 10 , 64 bit Build 18362 (10.0.18362.959)

CPU:total 12 (initial active 12) (12 cores per cpu, 2 threads per core) family 23 model 8 stepping 2, cmov, cx8, fxsr, mmx, sse, sse2, sse3, ssse3, sse4.1, sse4.2, popcnt, avx, avx2, aes, clmul, mmxext, 3dnowpref, lzcnt, sse4a, ht, tsc, tscinvbit, tscinv, bmi1, bmi2, adx, sha, fma

Memory: 4k page, system-wide physical 8140M (1008M free)
TotalPageFile size 22476M (AvailPageFile size 6029M)
current process WorkingSet (physical memory assigned to process): 143M, peak: 143M
current process commit charge ("private bytes"): 253M, peak: 253M

vm_info: Java HotSpot(TM) 64-Bit Server VM (11.0.7+8-LTS) for windows-amd64 JRE (11.0.7+8-LTS), built on Mar 12 2020 02:04:32 by "mach5one" with MS VC++ 15.5 (VS2017)

END.
